08:53:00.576 INFO  [main][QuestionnaireApplication.logStarting(StartupInfoLogger.java:55)] Starting QuestionnaireApplication using Java 11.0.14.1 on LAPTOP-HNJOA6V9 with PID 1424 (D:\javaProject\questionnaire\bin\main started by once-0001 in D:\javaProject\questionnaire)
08:53:00.580 INFO  [main][QuestionnaireApplication.logStartupProfileInfo(SpringApplication.java:632)] No active profile set, falling back to 1 default profile: "default"
08:53:01.295 INFO  [main][RepositoryConfigurationDelegate.registerRepositoriesIn(RepositoryConfigurationDelegate.java:132)] Bootstrapping Spring Data JPA repositories in DEFAULT mode.
08:53:01.374 INFO  [main][RepositoryConfigurationDelegate.registerRepositoriesIn(RepositoryConfigurationDelegate.java:201)] Finished Spring Data repository scanning in 67 ms. Found 3 JPA repository interfaces.
08:53:02.204 INFO  [main][TomcatWebServer.initialize(TomcatWebServer.java:108)] Tomcat initialized with port(s): 8080 (http)
08:53:02.211 INFO  [main][Http11NioProtocol.log(DirectJDKLog.java:173)] Initializing ProtocolHandler ["http-nio-8080"]
08:53:02.212 INFO  [main][StandardService.log(DirectJDKLog.java:173)] Starting service [Tomcat]
08:53:02.212 INFO  [main][StandardEngine.log(DirectJDKLog.java:173)] Starting Servlet engine: [Apache Tomcat/9.0.82]
08:53:02.349 INFO  [main][[/].log(DirectJDKLog.java:173)] Initializing Spring embedded WebApplicationContext
08:53:02.349 INFO  [main][ServletWebServerApplicationContext.prepareWebApplicationContext(ServletWebServerApplicationContext.java:292)] Root WebApplicationContext: initialization completed in 1720 ms
08:53:02.564 INFO  [main][HikariDataSource.getConnection(HikariDataSource.java:110)] HikariPool-1 - Starting...
08:53:02.779 INFO  [main][HikariDataSource.getConnection(HikariDataSource.java:123)] HikariPool-1 - Start completed.
08:53:02.845 INFO  [main][LogHelper.logPersistenceUnitInformation(LogHelper.java:31)] HHH000204: Processing PersistenceUnitInfo [name: default]
08:53:02.927 INFO  [main][Version.logVersion(Version.java:44)] HHH000412: Hibernate ORM core version 5.6.15.Final
08:53:03.128 INFO  [main][Version.<clinit>(JavaReflectionManager.java:56)] HCANN000001: Hibernate Commons Annotations {5.1.2.Final}
08:53:03.280 INFO  [main][Dialect.<init>(Dialect.java:175)] HHH000400: Using dialect: org.hibernate.dialect.MySQL8Dialect
08:53:03.538 WARN  [main][RootClass.checkCompositeIdentifier(RootClass.java:287)] HHH000038: Composite-id class does not override equals(): com.example.questionnaire.entity.QuestionId
08:53:03.539 WARN  [main][RootClass.checkCompositeIdentifier(RootClass.java:290)] HHH000039: Composite-id class does not override hashCode(): com.example.questionnaire.entity.QuestionId
08:53:03.816 INFO  [main][JtaPlatformInitiator.initiateService(JtaPlatformInitiator.java:52)] HHH000490: Using JtaPlatform implementation: [org.hibernate.engine.transaction.jta.platform.internal.NoJtaPlatform]
08:53:03.826 INFO  [main][LocalContainerEntityManagerFactoryBean.buildNativeEntityManagerFactory(AbstractEntityManagerFactoryBean.java:437)] Initialized JPA EntityManagerFactory for persistence unit 'default'
08:53:04.431 WARN  [main][JpaBaseConfiguration$JpaWebConfiguration.openEntityManagerInViewInterceptor(JpaBaseConfiguration.java:223)] spring.jpa.open-in-view is enabled by default. Therefore, database queries may be performed during view rendering. Explicitly configure spring.jpa.open-in-view to disable this warning
08:53:04.817 INFO  [main][Http11NioProtocol.log(DirectJDKLog.java:173)] Starting ProtocolHandler ["http-nio-8080"]
08:53:04.850 INFO  [main][TomcatWebServer.start(TomcatWebServer.java:220)] Tomcat started on port(s): 8080 (http) with context path ''
08:53:04.862 INFO  [main][QuestionnaireApplication.logStarted(StartupInfoLogger.java:61)] Started QuestionnaireApplication in 4.691 seconds (JVM running for 5.309)
08:55:04.083 INFO  [http-nio-8080-exec-1][[/].log(DirectJDKLog.java:173)] Initializing Spring DispatcherServlet 'dispatcherServlet'
08:55:04.083 INFO  [http-nio-8080-exec-1][DispatcherServlet.initServletBean(FrameworkServlet.java:525)] Initializing Servlet 'dispatcherServlet'
08:55:04.083 INFO  [http-nio-8080-exec-1][DispatcherServlet.initServletBean(FrameworkServlet.java:547)] Completed initialization in 0 ms
12:58:38.562 WARN  [HikariPool-1 housekeeper][HikariPool.run(HikariPool.java:788)] HikariPool-1 - Thread starvation or clock leap detected (housekeeper delta=14m72ms112µs900ns).
13:48:37.040 WARN  [HikariPool-1 housekeeper][HikariPool.run(HikariPool.java:788)] HikariPool-1 - Thread starvation or clock leap detected (housekeeper delta=49m58s479ms261µs700ns).
16:42:48.911 INFO  [main][QuestionnaireApplication.logStarting(StartupInfoLogger.java:55)] Starting QuestionnaireApplication using Java 11.0.14.1 on LAPTOP-HNJOA6V9 with PID 16228 (D:\javaProject\questionnaire\bin\main started by once-0001 in D:\javaProject\questionnaire)
16:42:48.920 INFO  [main][QuestionnaireApplication.logStartupProfileInfo(SpringApplication.java:632)] No active profile set, falling back to 1 default profile: "default"
16:42:49.695 INFO  [main][RepositoryConfigurationDelegate.registerRepositoriesIn(RepositoryConfigurationDelegate.java:132)] Bootstrapping Spring Data JPA repositories in DEFAULT mode.
16:42:49.772 INFO  [main][RepositoryConfigurationDelegate.registerRepositoriesIn(RepositoryConfigurationDelegate.java:201)] Finished Spring Data repository scanning in 65 ms. Found 3 JPA repository interfaces.
16:42:50.671 INFO  [main][TomcatWebServer.initialize(TomcatWebServer.java:108)] Tomcat initialized with port(s): 8080 (http)
16:42:50.682 INFO  [main][Http11NioProtocol.log(DirectJDKLog.java:173)] Initializing ProtocolHandler ["http-nio-8080"]
16:42:50.685 INFO  [main][StandardService.log(DirectJDKLog.java:173)] Starting service [Tomcat]
16:42:50.685 INFO  [main][StandardEngine.log(DirectJDKLog.java:173)] Starting Servlet engine: [Apache Tomcat/9.0.82]
16:42:50.810 INFO  [main][[/].log(DirectJDKLog.java:173)] Initializing Spring embedded WebApplicationContext
16:42:50.811 INFO  [main][ServletWebServerApplicationContext.prepareWebApplicationContext(ServletWebServerApplicationContext.java:292)] Root WebApplicationContext: initialization completed in 1834 ms
16:42:51.027 INFO  [main][HikariDataSource.getConnection(HikariDataSource.java:110)] HikariPool-1 - Starting...
16:42:51.280 INFO  [main][HikariDataSource.getConnection(HikariDataSource.java:123)] HikariPool-1 - Start completed.
16:42:51.335 INFO  [main][LogHelper.logPersistenceUnitInformation(LogHelper.java:31)] HHH000204: Processing PersistenceUnitInfo [name: default]
16:42:51.396 INFO  [main][Version.logVersion(Version.java:44)] HHH000412: Hibernate ORM core version 5.6.15.Final
16:42:51.621 INFO  [main][Version.<clinit>(JavaReflectionManager.java:56)] HCANN000001: Hibernate Commons Annotations {5.1.2.Final}
16:42:51.789 INFO  [main][Dialect.<init>(Dialect.java:175)] HHH000400: Using dialect: org.hibernate.dialect.MySQL8Dialect
16:42:52.102 WARN  [main][RootClass.checkCompositeIdentifier(RootClass.java:287)] HHH000038: Composite-id class does not override equals(): com.example.questionnaire.entity.QuestionId
16:42:52.102 WARN  [main][RootClass.checkCompositeIdentifier(RootClass.java:290)] HHH000039: Composite-id class does not override hashCode(): com.example.questionnaire.entity.QuestionId
16:42:52.492 INFO  [main][JtaPlatformInitiator.initiateService(JtaPlatformInitiator.java:52)] HHH000490: Using JtaPlatform implementation: [org.hibernate.engine.transaction.jta.platform.internal.NoJtaPlatform]
16:42:52.520 INFO  [main][LocalContainerEntityManagerFactoryBean.buildNativeEntityManagerFactory(AbstractEntityManagerFactoryBean.java:437)] Initialized JPA EntityManagerFactory for persistence unit 'default'
16:42:53.156 WARN  [main][JpaBaseConfiguration$JpaWebConfiguration.openEntityManagerInViewInterceptor(JpaBaseConfiguration.java:223)] spring.jpa.open-in-view is enabled by default. Therefore, database queries may be performed during view rendering. Explicitly configure spring.jpa.open-in-view to disable this warning
16:42:53.550 INFO  [main][Http11NioProtocol.log(DirectJDKLog.java:173)] Starting ProtocolHandler ["http-nio-8080"]
16:42:53.578 INFO  [main][TomcatWebServer.start(TomcatWebServer.java:220)] Tomcat started on port(s): 8080 (http) with context path ''
16:42:53.588 INFO  [main][QuestionnaireApplication.logStarted(StartupInfoLogger.java:61)] Started QuestionnaireApplication in 5.175 seconds (JVM running for 6.082)
16:42:57.972 INFO  [http-nio-8080-exec-1][[/].log(DirectJDKLog.java:173)] Initializing Spring DispatcherServlet 'dispatcherServlet'
16:42:57.973 INFO  [http-nio-8080-exec-1][DispatcherServlet.initServletBean(FrameworkServlet.java:525)] Initializing Servlet 'dispatcherServlet'
16:42:57.975 INFO  [http-nio-8080-exec-1][DispatcherServlet.initServletBean(FrameworkServlet.java:547)] Completed initialization in 1 ms
16:44:58.473 INFO  [main][QuestionnaireApplication.logStarting(StartupInfoLogger.java:55)] Starting QuestionnaireApplication using Java 11.0.14.1 on LAPTOP-HNJOA6V9 with PID 2620 (D:\javaProject\questionnaire\bin\main started by once-0001 in D:\javaProject\questionnaire)
16:44:58.480 INFO  [main][QuestionnaireApplication.logStartupProfileInfo(SpringApplication.java:632)] No active profile set, falling back to 1 default profile: "default"
16:44:59.256 INFO  [main][RepositoryConfigurationDelegate.registerRepositoriesIn(RepositoryConfigurationDelegate.java:132)] Bootstrapping Spring Data JPA repositories in DEFAULT mode.
16:44:59.340 INFO  [main][RepositoryConfigurationDelegate.registerRepositoriesIn(RepositoryConfigurationDelegate.java:201)] Finished Spring Data repository scanning in 73 ms. Found 3 JPA repository interfaces.
16:45:00.307 INFO  [main][TomcatWebServer.initialize(TomcatWebServer.java:108)] Tomcat initialized with port(s): 8080 (http)
16:45:00.318 INFO  [main][Http11NioProtocol.log(DirectJDKLog.java:173)] Initializing ProtocolHandler ["http-nio-8080"]
16:45:00.320 INFO  [main][StandardService.log(DirectJDKLog.java:173)] Starting service [Tomcat]
16:45:00.320 INFO  [main][StandardEngine.log(DirectJDKLog.java:173)] Starting Servlet engine: [Apache Tomcat/9.0.82]
16:45:00.440 INFO  [main][[/].log(DirectJDKLog.java:173)] Initializing Spring embedded WebApplicationContext
16:45:00.441 INFO  [main][ServletWebServerApplicationContext.prepareWebApplicationContext(ServletWebServerApplicationContext.java:292)] Root WebApplicationContext: initialization completed in 1903 ms
16:45:00.662 INFO  [main][HikariDataSource.getConnection(HikariDataSource.java:110)] HikariPool-1 - Starting...
16:45:00.912 INFO  [main][HikariDataSource.getConnection(HikariDataSource.java:123)] HikariPool-1 - Start completed.
16:45:01.002 INFO  [main][LogHelper.logPersistenceUnitInformation(LogHelper.java:31)] HHH000204: Processing PersistenceUnitInfo [name: default]
16:45:01.069 INFO  [main][Version.logVersion(Version.java:44)] HHH000412: Hibernate ORM core version 5.6.15.Final
16:45:01.300 INFO  [main][Version.<clinit>(JavaReflectionManager.java:56)] HCANN000001: Hibernate Commons Annotations {5.1.2.Final}
16:45:01.453 INFO  [main][Dialect.<init>(Dialect.java:175)] HHH000400: Using dialect: org.hibernate.dialect.MySQL8Dialect
16:45:01.735 WARN  [main][RootClass.checkCompositeIdentifier(RootClass.java:287)] HHH000038: Composite-id class does not override equals(): com.example.questionnaire.entity.QuestionId
16:45:01.735 WARN  [main][RootClass.checkCompositeIdentifier(RootClass.java:290)] HHH000039: Composite-id class does not override hashCode(): com.example.questionnaire.entity.QuestionId
16:45:02.136 INFO  [main][JtaPlatformInitiator.initiateService(JtaPlatformInitiator.java:52)] HHH000490: Using JtaPlatform implementation: [org.hibernate.engine.transaction.jta.platform.internal.NoJtaPlatform]
16:45:02.174 INFO  [main][LocalContainerEntityManagerFactoryBean.buildNativeEntityManagerFactory(AbstractEntityManagerFactoryBean.java:437)] Initialized JPA EntityManagerFactory for persistence unit 'default'
16:45:02.818 WARN  [main][JpaBaseConfiguration$JpaWebConfiguration.openEntityManagerInViewInterceptor(JpaBaseConfiguration.java:223)] spring.jpa.open-in-view is enabled by default. Therefore, database queries may be performed during view rendering. Explicitly configure spring.jpa.open-in-view to disable this warning
16:45:03.215 INFO  [main][Http11NioProtocol.log(DirectJDKLog.java:173)] Starting ProtocolHandler ["http-nio-8080"]
16:45:03.241 INFO  [main][TomcatWebServer.start(TomcatWebServer.java:220)] Tomcat started on port(s): 8080 (http) with context path ''
16:45:03.254 INFO  [main][QuestionnaireApplication.logStarted(StartupInfoLogger.java:61)] Started QuestionnaireApplication in 5.256 seconds (JVM running for 6.096)
16:45:09.506 INFO  [http-nio-8080-exec-3][[/].log(DirectJDKLog.java:173)] Initializing Spring DispatcherServlet 'dispatcherServlet'
16:45:09.507 INFO  [http-nio-8080-exec-3][DispatcherServlet.initServletBean(FrameworkServlet.java:525)] Initializing Servlet 'dispatcherServlet'
16:45:09.509 INFO  [http-nio-8080-exec-3][DispatcherServlet.initServletBean(FrameworkServlet.java:547)] Completed initialization in 2 ms
16:47:58.151 INFO  [main][QuestionnaireApplication.logStarting(StartupInfoLogger.java:55)] Starting QuestionnaireApplication using Java 11.0.14.1 on LAPTOP-HNJOA6V9 with PID 5436 (D:\javaProject\questionnaire\bin\main started by once-0001 in D:\javaProject\questionnaire)
16:47:58.156 INFO  [main][QuestionnaireApplication.logStartupProfileInfo(SpringApplication.java:632)] No active profile set, falling back to 1 default profile: "default"
16:47:58.886 INFO  [main][RepositoryConfigurationDelegate.registerRepositoriesIn(RepositoryConfigurationDelegate.java:132)] Bootstrapping Spring Data JPA repositories in DEFAULT mode.
16:47:58.966 INFO  [main][RepositoryConfigurationDelegate.registerRepositoriesIn(RepositoryConfigurationDelegate.java:201)] Finished Spring Data repository scanning in 68 ms. Found 3 JPA repository interfaces.
16:47:59.775 INFO  [main][TomcatWebServer.initialize(TomcatWebServer.java:108)] Tomcat initialized with port(s): 8080 (http)
16:47:59.781 INFO  [main][Http11NioProtocol.log(DirectJDKLog.java:173)] Initializing ProtocolHandler ["http-nio-8080"]
16:47:59.782 INFO  [main][StandardService.log(DirectJDKLog.java:173)] Starting service [Tomcat]
16:47:59.782 INFO  [main][StandardEngine.log(DirectJDKLog.java:173)] Starting Servlet engine: [Apache Tomcat/9.0.82]
16:47:59.896 INFO  [main][[/].log(DirectJDKLog.java:173)] Initializing Spring embedded WebApplicationContext
16:47:59.896 INFO  [main][ServletWebServerApplicationContext.prepareWebApplicationContext(ServletWebServerApplicationContext.java:292)] Root WebApplicationContext: initialization completed in 1687 ms
16:48:00.103 INFO  [main][HikariDataSource.getConnection(HikariDataSource.java:110)] HikariPool-1 - Starting...
16:48:00.308 INFO  [main][HikariDataSource.getConnection(HikariDataSource.java:123)] HikariPool-1 - Start completed.
16:48:00.365 INFO  [main][LogHelper.logPersistenceUnitInformation(LogHelper.java:31)] HHH000204: Processing PersistenceUnitInfo [name: default]
16:48:00.404 INFO  [main][Version.logVersion(Version.java:44)] HHH000412: Hibernate ORM core version 5.6.15.Final
16:48:00.583 INFO  [main][Version.<clinit>(JavaReflectionManager.java:56)] HCANN000001: Hibernate Commons Annotations {5.1.2.Final}
16:48:00.706 INFO  [main][Dialect.<init>(Dialect.java:175)] HHH000400: Using dialect: org.hibernate.dialect.MySQL8Dialect
16:48:00.981 WARN  [main][RootClass.checkCompositeIdentifier(RootClass.java:287)] HHH000038: Composite-id class does not override equals(): com.example.questionnaire.entity.QuestionId
16:48:00.982 WARN  [main][RootClass.checkCompositeIdentifier(RootClass.java:290)] HHH000039: Composite-id class does not override hashCode(): com.example.questionnaire.entity.QuestionId
16:48:01.312 INFO  [main][JtaPlatformInitiator.initiateService(JtaPlatformInitiator.java:52)] HHH000490: Using JtaPlatform implementation: [org.hibernate.engine.transaction.jta.platform.internal.NoJtaPlatform]
16:48:01.327 INFO  [main][LocalContainerEntityManagerFactoryBean.buildNativeEntityManagerFactory(AbstractEntityManagerFactoryBean.java:437)] Initialized JPA EntityManagerFactory for persistence unit 'default'
16:48:01.913 WARN  [main][JpaBaseConfiguration$JpaWebConfiguration.openEntityManagerInViewInterceptor(JpaBaseConfiguration.java:223)] spring.jpa.open-in-view is enabled by default. Therefore, database queries may be performed during view rendering. Explicitly configure spring.jpa.open-in-view to disable this warning
16:48:02.309 INFO  [main][Http11NioProtocol.log(DirectJDKLog.java:173)] Starting ProtocolHandler ["http-nio-8080"]
16:48:02.335 INFO  [main][TomcatWebServer.start(TomcatWebServer.java:220)] Tomcat started on port(s): 8080 (http) with context path ''
16:48:02.347 INFO  [main][QuestionnaireApplication.logStarted(StartupInfoLogger.java:61)] Started QuestionnaireApplication in 4.562 seconds (JVM running for 5.186)
16:48:06.395 INFO  [http-nio-8080-exec-1][[/].log(DirectJDKLog.java:173)] Initializing Spring DispatcherServlet 'dispatcherServlet'
16:48:06.395 INFO  [http-nio-8080-exec-1][DispatcherServlet.initServletBean(FrameworkServlet.java:525)] Initializing Servlet 'dispatcherServlet'
16:48:06.397 INFO  [http-nio-8080-exec-1][DispatcherServlet.initServletBean(FrameworkServlet.java:547)] Completed initialization in 1 ms
